# JRE version: Java(TM) SE Runtime Environment (21.0.2+13) (build 21.0.2+13-LTS-58)
# Java VM: Java HotSpot(TM) 64-Bit Server VM (21.0.2+13-LTS-58, mixed mode, emulated-client, sharing, tiered, compressed oops, compressed class ptrs, g1 gc, windows-amd64)
GC Precious Log:
 CardTable entry size: 512
 Card Set container configuration: InlinePtr #cards 4 size 8 Array Of Cards #cards 16 size 48 Howl #buckets 8 coarsen threshold 3686 Howl Bitmap #cards 512 size 80 coarsen threshold 460 Card regions per heap region 1 cards per card region 4096
 CPUs: 8 total, 8 available
 Memory: 12166M
 Large Page Support: Disabled
 NUMA Support: Disabled
 Compressed Oops: Enabled (Zero based)
 Heap Region Size: 2M
 Heap Min Capacity: 8M
 Heap Initial Capacity: 192M
 Heap Max Capacity: 3042M
 Pre-touch: Disabled
 Parallel Workers: 8
 Concurrent Workers: 2
 Concurrent Refinement Workers: 8
 Periodic GC: Disabled
Heap:
 garbage-first heap   total 321536K, used 62822K [0x0000000741e00000, 0x0000000800000000)
  region size 2048K, 6 young (12288K), 6 survivors (12288K)
 Metaspace       used 61306K, committed 62208K, reserved 1114112K
  class space    used 8732K, committed 9152K, reserved 1048576K
GC Heap History (20 events):
Event: 798.630 GC heap after
{Heap after GC invocations=71 (full 0):
 garbage-first heap   total 241664K, used 38968K [0x0000000741e00000, 0x0000000800000000)
  region size 2048K, 1 young (2048K), 1 survivors (2048K)
 Metaspace       used 61295K, committed 62208K, reserved 1114112K
  class space    used 8730K, committed 9152K, reserved 1048576K
}
Event: 798.655 GC heap before
{Heap before GC invocations=71 (full 0):
 garbage-first heap   total 241664K, used 178232K [0x0000000741e00000, 0x0000000800000000)
  region size 2048K, 70 young (143360K), 1 survivors (2048K)
 Metaspace       used 61295K, committed 62208K, reserved 1114112K
  class space    used 8730K, committed 9152K, reserved 1048576K
}
Event: 798.658 GC heap after
{Heap after GC invocations=72 (full 0):
 garbage-first heap   total 501760K, used 38976K [0x0000000741e00000, 0x0000000800000000)
  region size 2048K, 1 young (2048K), 1 survivors (2048K)
 Metaspace       used 61295K, committed 62208K, reserved 1114112K
  class space    used 8730K, committed 9152K, reserved 1048576K
}
Event: 1830.759 GC heap before
{Heap before GC invocations=73 (full 0):
 garbage-first heap   total 430080K, used 292928K [0x0000000741e00000, 0x0000000800000000)
  region size 2048K, 126 young (258048K), 1 survivors (2048K)
 Metaspace       used 61328K, committed 62208K, reserved 1114112K
  class space    used 8738K, committed 9152K, reserved 1048576K
}
Event: 1830.771 GC heap after
{Heap after GC invocations=74 (full 0):
 garbage-first heap   total 430080K, used 51407K [0x0000000741e00000, 0x0000000800000000)
  region size 2048K, 7 young (14336K), 7 survivors (14336K)
 Metaspace       used 61328K, committed 62208K, reserved 1114112K
  class space    used 8738K, committed 9152K, reserved 1048576K
}
Event: 1924.852 GC heap before
{Heap before GC invocations=74 (full 0):
 garbage-first heap   total 430080K, used 297167K [0x0000000741e00000, 0x0000000800000000)
  region size 2048K, 126 young (258048K), 7 survivors (14336K)
 Metaspace       used 61328K, committed 62208K, reserved 1114112K
  class space    used 8738K, committed 9152K, reserved 1048576K
}
Event: 1924.870 GC heap after
{Heap after GC invocations=75 (full 0):
 garbage-first heap   total 430080K, used 57124K [0x0000000741e00000, 0x0000000800000000)
  region size 2048K, 9 young (18432K), 9 survivors (18432K)
 Metaspace       used 61328K, committed 62208K, reserved 1114112K
  class space    used 8738K, committed 9152K, reserved 1048576K
}
Event: 1986.337 GC heap before
{Heap before GC invocations=75 (full 0):
 garbage-first heap   total 430080K, used 227108K [0x0000000741e00000, 0x0000000800000000)
  region size 2048K, 93 young (190464K), 9 survivors (18432K)
 Metaspace       used 61328K, committed 62208K, reserved 1114112K
  class space    used 8738K, committed 9152K, reserved 1048576K
}
Event: 1986.355 GC heap after
{Heap after GC invocations=76 (full 0):
 garbage-first heap   total 430080K, used 63719K [0x0000000741e00000, 0x0000000800000000)
  region size 2048K, 7 young (14336K), 7 survivors (14336K)
 Metaspace       used 61328K, committed 62208K, reserved 1114112K
  class space    used 8738K, committed 9152K, reserved 1048576K
}
Event: 2096.081 GC heap before
{Heap before GC invocations=77 (full 0):
 garbage-first heap   total 321536K, used 264423K [0x0000000741e00000, 0x0000000800000000)
  region size 2048K, 94 young (192512K), 7 survivors (14336K)
 Metaspace       used 61323K, committed 62208K, reserved 1114112K
  class space    used 8737K, committed 9152K, reserved 1048576K
}
Event: 2096.094 GC heap after
{Heap after GC invocations=78 (full 0):
 garbage-first heap   total 321536K, used 69310K [0x0000000741e00000, 0x0000000800000000)
  region size 2048K, 9 young (18432K), 9 survivors (18432K)
 Metaspace       used 61323K, committed 62208K, reserved 1114112K
  class space    used 8737K, committed 9152K, reserved 1048576K
}
Event: 2096.127 GC heap before
{Heap before GC invocations=78 (full 0):
 garbage-first heap   total 321536K, used 241342K [0x0000000741e00000, 0x0000000800000000)
  region size 2048K, 94 young (192512K), 9 survivors (18432K)
 Metaspace       used 61323K, committed 62208K, reserved 1114112K
  class space    used 8737K, committed 9152K, reserved 1048576K
}
Event: 2096.139 GC heap after
{Heap after GC invocations=79 (full 0):
 garbage-first heap   total 321536K, used 67835K [0x0000000741e00000, 0x0000000800000000)
  region size 2048K, 6 young (12288K), 6 survivors (12288K)
 Metaspace       used 61323K, committed 62208K, reserved 1114112K
  class space    used 8737K, committed 9152K, reserved 1048576K
}
Event: 2096.168 GC heap before
{Heap before GC invocations=79 (full 0):
 garbage-first heap   total 321536K, used 246011K [0x0000000741e00000, 0x0000000800000000)
  region size 2048K, 94 young (192512K), 6 survivors (12288K)
 Metaspace       used 61323K, committed 62208K, reserved 1114112K
  class space    used 8737K, committed 9152K, reserved 1048576K
}
Event: 2096.176 GC heap after
{Heap after GC invocations=80 (full 0):
 garbage-first heap   total 321536K, used 66712K [0x0000000741e00000, 0x0000000800000000)
  region size 2048K, 6 young (12288K), 6 survivors (12288K)
 Metaspace       used 61323K, committed 62208K, reserved 1114112K
  class space    used 8737K, committed 9152K, reserved 1048576K
}
Event: 2096.208 GC heap before
{Heap before GC invocations=80 (full 0):
 garbage-first heap   total 321536K, used 244888K [0x0000000741e00000, 0x0000000800000000)
  region size 2048K, 94 young (192512K), 6 survivors (12288K)
 Metaspace       used 61323K, committed 62208K, reserved 1114112K
  class space    used 8737K, committed 9152K, reserved 1048576K
}
Event: 2096.216 GC heap after
{Heap after GC invocations=81 (full 0):
 garbage-first heap   total 321536K, used 66932K [0x0000000741e00000, 0x0000000800000000)
  region size 2048K, 6 young (12288K), 6 survivors (12288K)
 Metaspace       used 61323K, committed 62208K, reserved 1114112K
  class space    used 8737K, committed 9152K, reserved 1048576K
}
Event: 2096.247 GC heap before
{Heap before GC invocations=81 (full 0):
 garbage-first heap   total 321536K, used 245108K [0x0000000741e00000, 0x0000000800000000)
  region size 2048K, 94 young (192512K), 6 survivors (12288K)
 Metaspace       used 61323K, committed 62208K, reserved 1114112K
  class space    used 8737K, committed 9152K, reserved 1048576K
}
Event: 2096.256 GC heap after
{Heap after GC invocations=82 (full 0):
 garbage-first heap   total 321536K, used 66926K [0x0000000741e00000, 0x0000000800000000)
  region size 2048K, 6 young (12288K), 6 survivors (12288K)
 Metaspace       used 61323K, committed 62208K, reserved 1114112K
  class space    used 8737K, committed 9152K, reserved 1048576K
}
Event: 2096.300 GC heap before
{Heap before GC invocations=82 (full 0):
 garbage-first heap   total 321536K, used 241006K [0x0000000741e00000, 0x0000000800000000)
  region size 2048K, 94 young (192512K), 6 survivors (12288K)
 Metaspace       used 61306K, committed 62208K, reserved 1114112K
  class space    used 8732K, committed 9152K, reserved 1048576K
}

